{"C:\\Users\\GuilhermeCoelhoVieir\\Desktop\\G\\project-reactjs-with-hooks\\src\\index.js": {"path":"C:\\Users\\GuilhermeCoelhoVieir\\Desktop\\G\\project-reactjs-with-hooks\\src\\index.js","statementMap":{"0":{"start":{"line":7,"column":0},"end":{"line":12,"column":2}}},"fnMap":{},"branchMap":{},"s":{"0":0},"f":{},"b":{}}
,"C:\\Users\\GuilhermeCoelhoVieir\\Desktop\\G\\project-reactjs-with-hooks\\src\\components\\Button\\index.jsx": {"path":"C:\\Users\\GuilhermeCoelhoVieir\\Desktop\\G\\project-reactjs-with-hooks\\src\\components\\Button\\index.jsx","statementMap":{"0":{"start":{"line":3,"column":22},"end":{"line":11,"column":1}},"1":{"start":{"line":4,"column":2},"end":{"line":10,"column":11}}},"fnMap":{"0":{"name":"(anonymous_0)","decl":{"start":{"line":3,"column":22},"end":{"line":3,"column":23}},"loc":{"start":{"line":4,"column":2},"end":{"line":10,"column":11}},"line":4}},"branchMap":{},"s":{"0":1,"1":5},"f":{"0":5},"b":{},"_coverageSchema":"1a1c01bbd47fc00a2c39e90264f33305004495a9","hash":"822f8afcb286ca55e8c0dee5e6504702e51f1224"}
,"C:\\Users\\GuilhermeCoelhoVieir\\Desktop\\G\\project-reactjs-with-hooks\\src\\components\\PostCard\\index.jsx": {"path":"C:\\Users\\GuilhermeCoelhoVieir\\Desktop\\G\\project-reactjs-with-hooks\\src\\components\\PostCard\\index.jsx","statementMap":{"0":{"start":{"line":2,"column":24},"end":{"line":10,"column":3}},"1":{"start":{"line":3,"column":4},"end":{"line":9,"column":10}}},"fnMap":{"0":{"name":"(anonymous_0)","decl":{"start":{"line":2,"column":24},"end":{"line":2,"column":25}},"loc":{"start":{"line":3,"column":4},"end":{"line":9,"column":10}},"line":3}},"branchMap":{},"s":{"0":2,"1":8},"f":{"0":8},"b":{},"_coverageSchema":"1a1c01bbd47fc00a2c39e90264f33305004495a9","hash":"fb206436559aa05274719ca25db39ddc1a1449c1"}
,"C:\\Users\\GuilhermeCoelhoVieir\\Desktop\\G\\project-reactjs-with-hooks\\src\\components\\PostCard\\mock.js": {"path":"C:\\Users\\GuilhermeCoelhoVieir\\Desktop\\G\\project-reactjs-with-hooks\\src\\components\\PostCard\\mock.js","statementMap":{"0":{"start":{"line":1,"column":34},"end":{"line":6,"column":1}}},"fnMap":{},"branchMap":{},"s":{"0":1},"f":{},"b":{},"_coverageSchema":"1a1c01bbd47fc00a2c39e90264f33305004495a9","hash":"3cfe03b0b3e5af67be751ffacd4fee830f1d654a"}
,"C:\\Users\\GuilhermeCoelhoVieir\\Desktop\\G\\project-reactjs-with-hooks\\src\\components\\Posts\\index.jsx": {"path":"C:\\Users\\GuilhermeCoelhoVieir\\Desktop\\G\\project-reactjs-with-hooks\\src\\components\\Posts\\index.jsx","statementMap":{"0":{"start":{"line":3,"column":21},"end":{"line":15,"column":1}},"1":{"start":{"line":4,"column":2},"end":{"line":14,"column":6}},"2":{"start":{"line":6,"column":4},"end":{"line":12,"column":6}}},"fnMap":{"0":{"name":"(anonymous_0)","decl":{"start":{"line":3,"column":21},"end":{"line":3,"column":22}},"loc":{"start":{"line":4,"column":2},"end":{"line":14,"column":6}},"line":4},"1":{"name":"(anonymous_1)","decl":{"start":{"line":5,"column":13},"end":{"line":5,"column":14}},"loc":{"start":{"line":6,"column":4},"end":{"line":12,"column":6}},"line":6}},"branchMap":{"0":{"loc":{"start":{"line":3,"column":24},"end":{"line":3,"column":34}},"type":"default-arg","locations":[{"start":{"line":3,"column":32},"end":{"line":3,"column":34}}],"line":3}},"s":{"0":1,"1":3,"2":6},"f":{"0":3,"1":6},"b":{"0":[1]},"_coverageSchema":"1a1c01bbd47fc00a2c39e90264f33305004495a9","hash":"c4999c3eeb46823f7474ef97a60eb719bc2df9ac"}
,"C:\\Users\\GuilhermeCoelhoVieir\\Desktop\\G\\project-reactjs-with-hooks\\src\\components\\TextInput\\index.jsx": {"path":"C:\\Users\\GuilhermeCoelhoVieir\\Desktop\\G\\project-reactjs-with-hooks\\src\\components\\TextInput\\index.jsx","statementMap":{"0":{"start":{"line":2,"column":25},"end":{"line":12,"column":1}},"1":{"start":{"line":3,"column":2},"end":{"line":11,"column":3}}},"fnMap":{"0":{"name":"(anonymous_0)","decl":{"start":{"line":2,"column":25},"end":{"line":2,"column":26}},"loc":{"start":{"line":2,"column":60},"end":{"line":12,"column":1}},"line":2}},"branchMap":{},"s":{"0":1,"1":3},"f":{"0":3},"b":{},"_coverageSchema":"1a1c01bbd47fc00a2c39e90264f33305004495a9","hash":"dd2b05fdb5794b1a26e5e0e61ac066b51ae6eb06"}
,"C:\\Users\\GuilhermeCoelhoVieir\\Desktop\\G\\project-reactjs-with-hooks\\src\\templates\\Home\\index.jsx": {"path":"C:\\Users\\GuilhermeCoelhoVieir\\Desktop\\G\\project-reactjs-with-hooks\\src\\templates\\Home\\index.jsx","statementMap":{"0":{"start":{"line":11,"column":20},"end":{"line":87,"column":1}},"1":{"start":{"line":12,"column":28},"end":{"line":12,"column":40}},"2":{"start":{"line":13,"column":34},"end":{"line":13,"column":46}},"3":{"start":{"line":14,"column":26},"end":{"line":14,"column":37}},"4":{"start":{"line":15,"column":25},"end":{"line":15,"column":36}},"5":{"start":{"line":16,"column":40},"end":{"line":16,"column":52}},"6":{"start":{"line":18,"column":22},"end":{"line":18,"column":60}},"7":{"start":{"line":20,"column":24},"end":{"line":26,"column":9}},"8":{"start":{"line":22,"column":4},"end":{"line":24,"column":6}},"9":{"start":{"line":28,"column":28},"end":{"line":33,"column":8}},"10":{"start":{"line":29,"column":29},"end":{"line":29,"column":46}},"11":{"start":{"line":31,"column":4},"end":{"line":31,"column":55}},"12":{"start":{"line":32,"column":4},"end":{"line":32,"column":32}},"13":{"start":{"line":35,"column":4},"end":{"line":38,"column":40}},"14":{"start":{"line":36,"column":6},"end":{"line":36,"column":54}},"15":{"start":{"line":37,"column":6},"end":{"line":37,"column":39}},"16":{"start":{"line":41,"column":24},"end":{"line":48,"column":3}},"17":{"start":{"line":42,"column":21},"end":{"line":42,"column":40}},"18":{"start":{"line":43,"column":21},"end":{"line":43,"column":70}},"19":{"start":{"line":44,"column":4},"end":{"line":44,"column":28}},"20":{"start":{"line":46,"column":4},"end":{"line":46,"column":20}},"21":{"start":{"line":47,"column":4},"end":{"line":47,"column":22}},"22":{"start":{"line":50,"column":23},"end":{"line":53,"column":3}},"23":{"start":{"line":51,"column":22},"end":{"line":51,"column":30}},"24":{"start":{"line":52,"column":4},"end":{"line":52,"column":26}},"25":{"start":{"line":55,"column":2},"end":{"line":86,"column":4}}},"fnMap":{"0":{"name":"(anonymous_0)","decl":{"start":{"line":11,"column":20},"end":{"line":11,"column":21}},"loc":{"start":{"line":11,"column":26},"end":{"line":87,"column":1}},"line":11},"1":{"name":"(anonymous_1)","decl":{"start":{"line":21,"column":18},"end":{"line":21,"column":19}},"loc":{"start":{"line":21,"column":26},"end":{"line":25,"column":3}},"line":21},"2":{"name":"(anonymous_2)","decl":{"start":{"line":28,"column":40},"end":{"line":28,"column":41}},"loc":{"start":{"line":28,"column":70},"end":{"line":33,"column":3}},"line":28},"3":{"name":"(anonymous_3)","decl":{"start":{"line":35,"column":14},"end":{"line":35,"column":15}},"loc":{"start":{"line":35,"column":20},"end":{"line":38,"column":5}},"line":35},"4":{"name":"(anonymous_4)","decl":{"start":{"line":41,"column":24},"end":{"line":41,"column":25}},"loc":{"start":{"line":41,"column":30},"end":{"line":48,"column":3}},"line":41},"5":{"name":"(anonymous_5)","decl":{"start":{"line":50,"column":23},"end":{"line":50,"column":24}},"loc":{"start":{"line":50,"column":30},"end":{"line":53,"column":3}},"line":50}},"branchMap":{"0":{"loc":{"start":{"line":20,"column":24},"end":{"line":26,"column":9}},"type":"cond-expr","locations":[{"start":{"line":21,"column":2},"end":{"line":25,"column":4}},{"start":{"line":26,"column":4},"end":{"line":26,"column":9}}],"line":20},"1":{"loc":{"start":{"line":59,"column":11},"end":{"line":61,"column":11}},"type":"binary-expr","locations":[{"start":{"line":59,"column":11},"end":{"line":59,"column":24}},{"start":{"line":60,"column":12},"end":{"line":60,"column":48}}],"line":59},"2":{"loc":{"start":{"line":65,"column":9},"end":{"line":67,"column":9}},"type":"binary-expr","locations":[{"start":{"line":65,"column":9},"end":{"line":65,"column":33}},{"start":{"line":66,"column":10},"end":{"line":66,"column":41}}],"line":65},"3":{"loc":{"start":{"line":70,"column":11},"end":{"line":72,"column":9}},"type":"binary-expr","locations":[{"start":{"line":70,"column":11},"end":{"line":70,"column":37}},{"start":{"line":71,"column":12},"end":{"line":71,"column":57}}],"line":70},"4":{"loc":{"start":{"line":76,"column":11},"end":{"line":82,"column":11}},"type":"binary-expr","locations":[{"start":{"line":76,"column":11},"end":{"line":76,"column":23}},{"start":{"line":77,"column":12},"end":{"line":81,"column":14}}],"line":76}},"s":{"0":0,"1":0,"2":0,"3":0,"4":0,"5":0,"6":0,"7":0,"8":0,"9":0,"10":0,"11":0,"12":0,"13":0,"14":0,"15":0,"16":0,"17":0,"18":0,"19":0,"20":0,"21":0,"22":0,"23":0,"24":0,"25":0},"f":{"0":0,"1":0,"2":0,"3":0,"4":0,"5":0},"b":{"0":[0,0],"1":[0,0],"2":[0,0],"3":[0,0],"4":[0,0]}}
,"C:\\Users\\GuilhermeCoelhoVieir\\Desktop\\G\\project-reactjs-with-hooks\\src\\utils\\load-posts.js": {"path":"C:\\Users\\GuilhermeCoelhoVieir\\Desktop\\G\\project-reactjs-with-hooks\\src\\utils\\load-posts.js","statementMap":{"0":{"start":{"line":1,"column":25},"end":{"line":15,"column":1}},"1":{"start":{"line":2,"column":24},"end":{"line":2,"column":75}},"2":{"start":{"line":3,"column":25},"end":{"line":3,"column":77}},"3":{"start":{"line":5,"column":26},"end":{"line":5,"column":76}},"4":{"start":{"line":7,"column":20},"end":{"line":7,"column":38}},"5":{"start":{"line":8,"column":21},"end":{"line":8,"column":40}},"6":{"start":{"line":10,"column":26},"end":{"line":12,"column":4}},"7":{"start":{"line":11,"column":4},"end":{"line":11,"column":52}},"8":{"start":{"line":14,"column":2},"end":{"line":14,"column":24}}},"fnMap":{"0":{"name":"(anonymous_0)","decl":{"start":{"line":1,"column":25},"end":{"line":1,"column":26}},"loc":{"start":{"line":1,"column":37},"end":{"line":15,"column":1}},"line":1},"1":{"name":"(anonymous_1)","decl":{"start":{"line":10,"column":40},"end":{"line":10,"column":41}},"loc":{"start":{"line":10,"column":57},"end":{"line":12,"column":3}},"line":10}},"branchMap":{},"s":{"0":0,"1":0,"2":0,"3":0,"4":0,"5":0,"6":0,"7":0,"8":0},"f":{"0":0,"1":0},"b":{}}
}
