{"C:\\Users\\GuilhermeCoelhoVieir\\Desktop\\G\\projeto\\project-react\\src\\index.js": {"path":"C:\\Users\\GuilhermeCoelhoVieir\\Desktop\\G\\projeto\\project-react\\src\\index.js","statementMap":{"0":{"start":{"line":7,"column":0},"end":{"line":12,"column":2}}},"fnMap":{},"branchMap":{},"s":{"0":0},"f":{},"b":{}}
,"C:\\Users\\GuilhermeCoelhoVieir\\Desktop\\G\\projeto\\project-react\\src\\components\\Button\\index.jsx": {"path":"C:\\Users\\GuilhermeCoelhoVieir\\Desktop\\G\\projeto\\project-react\\src\\components\\Button\\index.jsx","statementMap":{"0":{"start":{"line":4,"column":22},"end":{"line":12,"column":1}},"1":{"start":{"line":5,"column":2},"end":{"line":11,"column":11}},"2":{"start":{"line":14,"column":0},"end":{"line":16,"column":2}},"3":{"start":{"line":18,"column":0},"end":{"line":22,"column":1}}},"fnMap":{"0":{"name":"(anonymous_0)","decl":{"start":{"line":4,"column":22},"end":{"line":4,"column":23}},"loc":{"start":{"line":5,"column":2},"end":{"line":11,"column":11}},"line":5}},"branchMap":{"0":{"loc":{"start":{"line":4,"column":40},"end":{"line":4,"column":56}},"type":"default-arg","locations":[{"start":{"line":4,"column":51},"end":{"line":4,"column":56}}],"line":4}},"s":{"0":3,"1":9,"2":3,"3":3},"f":{"0":9},"b":{"0":[0]},"_coverageSchema":"1a1c01bbd47fc00a2c39e90264f33305004495a9","hash":"c6c054a15c680d91d85a83ffddf03c6d708cddd5"}
,"C:\\Users\\GuilhermeCoelhoVieir\\Desktop\\G\\projeto\\project-react\\src\\components\\PostCard\\index.jsx": {"path":"C:\\Users\\GuilhermeCoelhoVieir\\Desktop\\G\\projeto\\project-react\\src\\components\\PostCard\\index.jsx","statementMap":{"0":{"start":{"line":4,"column":24},"end":{"line":12,"column":3}},"1":{"start":{"line":5,"column":4},"end":{"line":11,"column":10}},"2":{"start":{"line":14,"column":2},"end":{"line":19,"column":3}}},"fnMap":{"0":{"name":"(anonymous_0)","decl":{"start":{"line":4,"column":24},"end":{"line":4,"column":25}},"loc":{"start":{"line":5,"column":4},"end":{"line":11,"column":10}},"line":5}},"branchMap":{},"s":{"0":4,"1":18,"2":4},"f":{"0":18},"b":{},"_coverageSchema":"1a1c01bbd47fc00a2c39e90264f33305004495a9","hash":"5c8c129e204c1b2cd09d919fed8902e29f5ed9de"}
,"C:\\Users\\GuilhermeCoelhoVieir\\Desktop\\G\\projeto\\project-react\\src\\components\\PostCard\\mock.js": {"path":"C:\\Users\\GuilhermeCoelhoVieir\\Desktop\\G\\projeto\\project-react\\src\\components\\PostCard\\mock.js","statementMap":{"0":{"start":{"line":1,"column":34},"end":{"line":6,"column":1}}},"fnMap":{},"branchMap":{},"s":{"0":1},"f":{},"b":{},"_coverageSchema":"1a1c01bbd47fc00a2c39e90264f33305004495a9","hash":"ae71d5786870dc984fd552301152be9fdde43f74"}
,"C:\\Users\\GuilhermeCoelhoVieir\\Desktop\\G\\projeto\\project-react\\src\\components\\Posts\\index.jsx": {"path":"C:\\Users\\GuilhermeCoelhoVieir\\Desktop\\G\\projeto\\project-react\\src\\components\\Posts\\index.jsx","statementMap":{"0":{"start":{"line":7,"column":21},"end":{"line":20,"column":1}},"1":{"start":{"line":9,"column":2},"end":{"line":19,"column":6}},"2":{"start":{"line":11,"column":4},"end":{"line":17,"column":6}},"3":{"start":{"line":22,"column":0},"end":{"line":24,"column":2}},"4":{"start":{"line":26,"column":0},"end":{"line":35,"column":2}}},"fnMap":{"0":{"name":"(anonymous_0)","decl":{"start":{"line":7,"column":21},"end":{"line":7,"column":22}},"loc":{"start":{"line":9,"column":2},"end":{"line":19,"column":6}},"line":9},"1":{"name":"(anonymous_1)","decl":{"start":{"line":10,"column":13},"end":{"line":10,"column":14}},"loc":{"start":{"line":11,"column":4},"end":{"line":17,"column":6}},"line":11}},"branchMap":{"0":{"loc":{"start":{"line":7,"column":23},"end":{"line":7,"column":33}},"type":"default-arg","locations":[{"start":{"line":7,"column":31},"end":{"line":7,"column":33}}],"line":7}},"s":{"0":3,"1":6,"2":16,"3":3,"4":3},"f":{"0":6,"1":16},"b":{"0":[0]},"_coverageSchema":"1a1c01bbd47fc00a2c39e90264f33305004495a9","hash":"3f16c4e7f24805b9f0d4df5e2d16f20ef79920cb"}
,"C:\\Users\\GuilhermeCoelhoVieir\\Desktop\\G\\projeto\\project-react\\src\\components\\TextInput\\index.jsx": {"path":"C:\\Users\\GuilhermeCoelhoVieir\\Desktop\\G\\projeto\\project-react\\src\\components\\TextInput\\index.jsx","statementMap":{"0":{"start":{"line":4,"column":25},"end":{"line":14,"column":1}},"1":{"start":{"line":5,"column":2},"end":{"line":13,"column":4}},"2":{"start":{"line":16,"column":0},"end":{"line":19,"column":1}}},"fnMap":{"0":{"name":"(anonymous_0)","decl":{"start":{"line":4,"column":25},"end":{"line":4,"column":26}},"loc":{"start":{"line":4,"column":60},"end":{"line":14,"column":1}},"line":4}},"branchMap":{},"s":{"0":3,"1":7,"2":3},"f":{"0":7},"b":{},"_coverageSchema":"1a1c01bbd47fc00a2c39e90264f33305004495a9","hash":"ce0dc57b37a5303154289576511aaf11b4f68de8"}
,"C:\\Users\\GuilhermeCoelhoVieir\\Desktop\\G\\projeto\\project-react\\src\\templates\\Home\\index.jsx": {"path":"C:\\Users\\GuilhermeCoelhoVieir\\Desktop\\G\\projeto\\project-react\\src\\templates\\Home\\index.jsx","statementMap":{"0":{"start":{"line":11,"column":20},"end":{"line":87,"column":1}},"1":{"start":{"line":12,"column":28},"end":{"line":12,"column":40}},"2":{"start":{"line":13,"column":34},"end":{"line":13,"column":46}},"3":{"start":{"line":14,"column":26},"end":{"line":14,"column":37}},"4":{"start":{"line":15,"column":25},"end":{"line":15,"column":36}},"5":{"start":{"line":16,"column":40},"end":{"line":16,"column":52}},"6":{"start":{"line":18,"column":22},"end":{"line":18,"column":60}},"7":{"start":{"line":20,"column":24},"end":{"line":26,"column":9}},"8":{"start":{"line":22,"column":4},"end":{"line":24,"column":6}},"9":{"start":{"line":28,"column":28},"end":{"line":33,"column":8}},"10":{"start":{"line":29,"column":29},"end":{"line":29,"column":46}},"11":{"start":{"line":31,"column":4},"end":{"line":31,"column":55}},"12":{"start":{"line":32,"column":4},"end":{"line":32,"column":32}},"13":{"start":{"line":35,"column":4},"end":{"line":38,"column":40}},"14":{"start":{"line":36,"column":6},"end":{"line":36,"column":54}},"15":{"start":{"line":37,"column":6},"end":{"line":37,"column":39}},"16":{"start":{"line":41,"column":24},"end":{"line":48,"column":3}},"17":{"start":{"line":42,"column":21},"end":{"line":42,"column":40}},"18":{"start":{"line":43,"column":21},"end":{"line":43,"column":70}},"19":{"start":{"line":44,"column":4},"end":{"line":44,"column":28}},"20":{"start":{"line":46,"column":4},"end":{"line":46,"column":20}},"21":{"start":{"line":47,"column":4},"end":{"line":47,"column":22}},"22":{"start":{"line":50,"column":23},"end":{"line":53,"column":3}},"23":{"start":{"line":51,"column":22},"end":{"line":51,"column":30}},"24":{"start":{"line":52,"column":4},"end":{"line":52,"column":26}},"25":{"start":{"line":55,"column":2},"end":{"line":86,"column":4}}},"fnMap":{"0":{"name":"(anonymous_0)","decl":{"start":{"line":11,"column":20},"end":{"line":11,"column":21}},"loc":{"start":{"line":11,"column":26},"end":{"line":87,"column":1}},"line":11},"1":{"name":"(anonymous_1)","decl":{"start":{"line":21,"column":18},"end":{"line":21,"column":19}},"loc":{"start":{"line":21,"column":26},"end":{"line":25,"column":3}},"line":21},"2":{"name":"(anonymous_2)","decl":{"start":{"line":28,"column":40},"end":{"line":28,"column":41}},"loc":{"start":{"line":28,"column":70},"end":{"line":33,"column":3}},"line":28},"3":{"name":"(anonymous_3)","decl":{"start":{"line":35,"column":14},"end":{"line":35,"column":15}},"loc":{"start":{"line":35,"column":20},"end":{"line":38,"column":5}},"line":35},"4":{"name":"(anonymous_4)","decl":{"start":{"line":41,"column":24},"end":{"line":41,"column":25}},"loc":{"start":{"line":41,"column":30},"end":{"line":48,"column":3}},"line":41},"5":{"name":"(anonymous_5)","decl":{"start":{"line":50,"column":23},"end":{"line":50,"column":24}},"loc":{"start":{"line":50,"column":30},"end":{"line":53,"column":3}},"line":50}},"branchMap":{"0":{"loc":{"start":{"line":20,"column":24},"end":{"line":26,"column":9}},"type":"cond-expr","locations":[{"start":{"line":21,"column":2},"end":{"line":25,"column":4}},{"start":{"line":26,"column":4},"end":{"line":26,"column":9}}],"line":20},"1":{"loc":{"start":{"line":59,"column":11},"end":{"line":61,"column":11}},"type":"binary-expr","locations":[{"start":{"line":59,"column":11},"end":{"line":59,"column":24}},{"start":{"line":60,"column":12},"end":{"line":60,"column":48}}],"line":59},"2":{"loc":{"start":{"line":65,"column":9},"end":{"line":67,"column":9}},"type":"binary-expr","locations":[{"start":{"line":65,"column":9},"end":{"line":65,"column":33}},{"start":{"line":66,"column":10},"end":{"line":66,"column":41}}],"line":65},"3":{"loc":{"start":{"line":70,"column":11},"end":{"line":72,"column":9}},"type":"binary-expr","locations":[{"start":{"line":70,"column":11},"end":{"line":70,"column":37}},{"start":{"line":71,"column":12},"end":{"line":71,"column":57}}],"line":70},"4":{"loc":{"start":{"line":76,"column":11},"end":{"line":82,"column":11}},"type":"binary-expr","locations":[{"start":{"line":76,"column":11},"end":{"line":76,"column":23}},{"start":{"line":77,"column":12},"end":{"line":81,"column":14}}],"line":76}},"s":{"0":2,"1":4,"2":4,"3":4,"4":4,"5":4,"6":4,"7":4,"8":0,"9":4,"10":1,"11":1,"12":1,"13":4,"14":1,"15":1,"16":4,"17":1,"18":1,"19":1,"20":1,"21":1,"22":4,"23":0,"24":0,"25":4},"f":{"0":4,"1":0,"2":1,"3":1,"4":1,"5":0},"b":{"0":[0,4],"1":[4,0],"2":[4,3],"3":[4,1],"4":[4,4]},"_coverageSchema":"1a1c01bbd47fc00a2c39e90264f33305004495a9","hash":"5ed1a2c527fb47cd5e0aca162000e92dbf653de5"}
,"C:\\Users\\GuilhermeCoelhoVieir\\Desktop\\G\\projeto\\project-react\\src\\utils\\load-posts.js": {"path":"C:\\Users\\GuilhermeCoelhoVieir\\Desktop\\G\\projeto\\project-react\\src\\utils\\load-posts.js","statementMap":{"0":{"start":{"line":1,"column":25},"end":{"line":15,"column":1}},"1":{"start":{"line":2,"column":24},"end":{"line":2,"column":75}},"2":{"start":{"line":3,"column":25},"end":{"line":3,"column":77}},"3":{"start":{"line":5,"column":26},"end":{"line":5,"column":76}},"4":{"start":{"line":7,"column":20},"end":{"line":7,"column":38}},"5":{"start":{"line":8,"column":21},"end":{"line":8,"column":40}},"6":{"start":{"line":10,"column":26},"end":{"line":12,"column":4}},"7":{"start":{"line":11,"column":4},"end":{"line":11,"column":52}},"8":{"start":{"line":14,"column":2},"end":{"line":14,"column":24}}},"fnMap":{"0":{"name":"(anonymous_0)","decl":{"start":{"line":1,"column":25},"end":{"line":1,"column":26}},"loc":{"start":{"line":1,"column":37},"end":{"line":15,"column":1}},"line":1},"1":{"name":"(anonymous_1)","decl":{"start":{"line":10,"column":40},"end":{"line":10,"column":41}},"loc":{"start":{"line":10,"column":57},"end":{"line":12,"column":3}},"line":10}},"branchMap":{},"s":{"0":2,"1":1,"2":1,"3":1,"4":1,"5":1,"6":1,"7":4,"8":1},"f":{"0":1,"1":4},"b":{},"_coverageSchema":"1a1c01bbd47fc00a2c39e90264f33305004495a9","hash":"6b5c89ad542ad8e120d159d22f7465a47209796e"}
}
